[2014-08-04 02:34:37] production.ERROR: exception 'Illuminate\Database\QueryException' with message 'SQLSTATE[HY000]: General error: 1215 Cannot add foreign key constraint (SQL: alter table `negocio` add constraint negocio_rubro_id_foreign foreign key (`rubro_id`) references `rubros` (`id`))' in C:\xampp\htdocs\directorio_entrenegocios\vendor\laravel\framework\src\Illuminate\Database\Connection.php:555
Stack trace:
#0 C:\xampp\htdocs\directorio_entrenegocios\vendor\laravel\framework\src\Illuminate\Database\Connection.php(338): Illuminate\Database\Connection->run('alter table `ne...', Array, Object(Closure))
#1 C:\xampp\htdocs\directorio_entrenegocios\vendor\laravel\framework\src\Illuminate\Database\Schema\Blueprint.php(63): Illuminate\Database\Connection->statement('alter table `ne...')
#2 C:\xampp\htdocs\directorio_entrenegocios\vendor\laravel\framework\src\Illuminate\Database\Schema\Builder.php(169): Illuminate\Database\Schema\Blueprint->build(Object(Illuminate\Database\MySqlConnection), Object(Illuminate\Database\Schema\Grammars\MySqlGrammar))
#3 C:\xampp\htdocs\directorio_entrenegocios\vendor\laravel\framework\src\Illuminate\Database\Schema\Builder.php(112): Illuminate\Database\Schema\Builder->build(Object(Illuminate\Database\Schema\Blueprint))
#4 C:\xampp\htdocs\directorio_entrenegocios\vendor\laravel\framework\src\Illuminate\Support\Facades\Facade.php(211): Illuminate\Database\Schema\Builder->create('negocio', Object(Closure))
#5 C:\xampp\htdocs\directorio_entrenegocios\app\database\migrations\2014_08_04_015519_create_negocio_table.php(32): Illuminate\Support\Facades\Facade::__callStatic('create', Array)
#6 C:\xampp\htdocs\directorio_entrenegocios\app\database\migrations\2014_08_04_015519_create_negocio_table.php(32): Illuminate\Support\Facades\Schema::create('negocio', Object(Closure))
#7 C:\xampp\htdocs\directorio_entrenegocios\vendor\laravel\framework\src\Illuminate\Database\Migrations\Migrator.php(133): CreateNegocioTable->up()
#8 C:\xampp\htdocs\directorio_entrenegocios\vendor\laravel\framework\src\Illuminate\Database\Migrations\Migrator.php(109): Illuminate\Database\Migrations\Migrator->runUp('2014_08_04_0155...', 1, false)
#9 C:\xampp\htdocs\directorio_entrenegocios\vendor\laravel\framework\src\Illuminate\Database\Migrations\Migrator.php(80): Illuminate\Database\Migrations\Migrator->runMigrationList(Array, false)
#10 C:\xampp\htdocs\directorio_entrenegocios\vendor\laravel\framework\src\Illuminate\Database\Console\Migrations\MigrateCommand.php(70): Illuminate\Database\Migrations\Migrator->run('C:\\xampp\\htdocs...', false)
#11 C:\xampp\htdocs\directorio_entrenegocios\vendor\laravel\framework\src\Illuminate\Console\Command.php(112): Illuminate\Database\Console\Migrations\MigrateCommand->fire()
#12 C:\xampp\htdocs\directorio_entrenegocios\vendor\symfony\console\Symfony\Component\Console\Command\Command.php(252): Illuminate\Console\Command->execute(Object(Symfony\Component\Console\Input\ArgvInput), Object(Symfony\Component\Console\Output\ConsoleOutput))
#13 C:\xampp\htdocs\directorio_entrenegocios\vendor\laravel\framework\src\Illuminate\Console\Command.php(100): Symfony\Component\Console\Command\Command->run(Object(Symfony\Component\Console\Input\ArgvInput), Object(Symfony\Component\Console\Output\ConsoleOutput))
#14 C:\xampp\htdocs\directorio_entrenegocios\vendor\symfony\console\Symfony\Component\Console\Application.php(887): Illuminate\Console\Command->run(Object(Symfony\Component\Console\Input\ArgvInput), Object(Symfony\Component\Console\Output\ConsoleOutput))
#15 C:\xampp\htdocs\directorio_entrenegocios\vendor\symfony\console\Symfony\Component\Console\Application.php(193): Symfony\Component\Console\Application->doRunCommand(Object(Illuminate\Database\Console\Migrations\MigrateCommand), Object(Symfony\Component\Console\Input\ArgvInput), Object(Symfony\Component\Console\Output\ConsoleOutput))
#16 C:\xampp\htdocs\directorio_entrenegocios\vendor\symfony\console\Symfony\Component\Console\Application.php(124): Symfony\Component\Console\Application->doRun(Object(Symfony\Component\Console\Input\ArgvInput), Object(Symfony\Component\Console\Output\ConsoleOutput))
#17 C:\xampp\htdocs\directorio_entrenegocios\artisan(59): Symfony\Component\Console\Application->run()
#18 {main} [] []
[2014-08-04 02:40:16] production.ERROR: exception 'Illuminate\Database\QueryException' with message 'SQLSTATE[42S01]: Base table or view already exists: 1050 Table 'negocio' already exists (SQL: create table `negocio` (`id` int unsigned not null auto_increment primary key, `nombre_negocio` varchar(255) not null, `slogan_negocio` varchar(255) not null, `descripcion` text not null, `website` varchar(255) not null, `web_fb` varchar(255) not null, `web_tw` varchar(255) not null, `rubro_id` int unsigned not null, `slug` varchar(255) not null, `created_at` timestamp default 0 not null, `updated_at` timestamp default 0 not null) default character set utf8 collate utf8_unicode_ci)' in C:\xampp\htdocs\directorio_entrenegocios\vendor\laravel\framework\src\Illuminate\Database\Connection.php:555
Stack trace:
#0 C:\xampp\htdocs\directorio_entrenegocios\vendor\laravel\framework\src\Illuminate\Database\Connection.php(338): Illuminate\Database\Connection->run('create table `n...', Array, Object(Closure))
#1 C:\xampp\htdocs\directorio_entrenegocios\vendor\laravel\framework\src\Illuminate\Database\Schema\Blueprint.php(63): Illuminate\Database\Connection->statement('create table `n...')
#2 C:\xampp\htdocs\directorio_entrenegocios\vendor\laravel\framework\src\Illuminate\Database\Schema\Builder.php(169): Illuminate\Database\Schema\Blueprint->build(Object(Illuminate\Database\MySqlConnection), Object(Illuminate\Database\Schema\Grammars\MySqlGrammar))
#3 C:\xampp\htdocs\directorio_entrenegocios\vendor\laravel\framework\src\Illuminate\Database\Schema\Builder.php(112): Illuminate\Database\Schema\Builder->build(Object(Illuminate\Database\Schema\Blueprint))
#4 C:\xampp\htdocs\directorio_entrenegocios\vendor\laravel\framework\src\Illuminate\Support\Facades\Facade.php(211): Illuminate\Database\Schema\Builder->create('negocio', Object(Closure))
#5 C:\xampp\htdocs\directorio_entrenegocios\app\database\migrations\2014_08_04_023903_create_negocio_table.php(32): Illuminate\Support\Facades\Facade::__callStatic('create', Array)
#6 C:\xampp\htdocs\directorio_entrenegocios\app\database\migrations\2014_08_04_023903_create_negocio_table.php(32): Illuminate\Support\Facades\Schema::create('negocio', Object(Closure))
#7 C:\xampp\htdocs\directorio_entrenegocios\vendor\laravel\framework\src\Illuminate\Database\Migrations\Migrator.php(133): CreateNegocioTable->up()
#8 C:\xampp\htdocs\directorio_entrenegocios\vendor\laravel\framework\src\Illuminate\Database\Migrations\Migrator.php(109): Illuminate\Database\Migrations\Migrator->runUp('2014_08_04_0239...', 1, false)
#9 C:\xampp\htdocs\directorio_entrenegocios\vendor\laravel\framework\src\Illuminate\Database\Migrations\Migrator.php(80): Illuminate\Database\Migrations\Migrator->runMigrationList(Array, false)
#10 C:\xampp\htdocs\directorio_entrenegocios\vendor\laravel\framework\src\Illuminate\Database\Console\Migrations\MigrateCommand.php(70): Illuminate\Database\Migrations\Migrator->run('C:\\xampp\\htdocs...', false)
#11 C:\xampp\htdocs\directorio_entrenegocios\vendor\laravel\framework\src\Illuminate\Console\Command.php(112): Illuminate\Database\Console\Migrations\MigrateCommand->fire()
#12 C:\xampp\htdocs\directorio_entrenegocios\vendor\symfony\console\Symfony\Component\Console\Command\Command.php(252): Illuminate\Console\Command->execute(Object(Symfony\Component\Console\Input\ArgvInput), Object(Symfony\Component\Console\Output\ConsoleOutput))
#13 C:\xampp\htdocs\directorio_entrenegocios\vendor\laravel\framework\src\Illuminate\Console\Command.php(100): Symfony\Component\Console\Command\Command->run(Object(Symfony\Component\Console\Input\ArgvInput), Object(Symfony\Component\Console\Output\ConsoleOutput))
#14 C:\xampp\htdocs\directorio_entrenegocios\vendor\symfony\console\Symfony\Component\Console\Application.php(887): Illuminate\Console\Command->run(Object(Symfony\Component\Console\Input\ArgvInput), Object(Symfony\Component\Console\Output\ConsoleOutput))
#15 C:\xampp\htdocs\directorio_entrenegocios\vendor\symfony\console\Symfony\Component\Console\Application.php(193): Symfony\Component\Console\Application->doRunCommand(Object(Illuminate\Database\Console\Migrations\MigrateCommand), Object(Symfony\Component\Console\Input\ArgvInput), Object(Symfony\Component\Console\Output\ConsoleOutput))
#16 C:\xampp\htdocs\directorio_entrenegocios\vendor\symfony\console\Symfony\Component\Console\Application.php(124): Symfony\Component\Console\Application->doRun(Object(Symfony\Component\Console\Input\ArgvInput), Object(Symfony\Component\Console\Output\ConsoleOutput))
#17 C:\xampp\htdocs\directorio_entrenegocios\artisan(59): Symfony\Component\Console\Application->run()
#18 {main} [] []
[2014-08-04 02:40:39] production.ERROR: exception 'Illuminate\Database\QueryException' with message 'SQLSTATE[HY000]: General error: 1215 Cannot add foreign key constraint (SQL: alter table `negocio` add constraint negocio_rubro_id_foreign foreign key (`rubro_id`) references `rubros` (`id`))' in C:\xampp\htdocs\directorio_entrenegocios\vendor\laravel\framework\src\Illuminate\Database\Connection.php:555
Stack trace:
#0 C:\xampp\htdocs\directorio_entrenegocios\vendor\laravel\framework\src\Illuminate\Database\Connection.php(338): Illuminate\Database\Connection->run('alter table `ne...', Array, Object(Closure))
#1 C:\xampp\htdocs\directorio_entrenegocios\vendor\laravel\framework\src\Illuminate\Database\Schema\Blueprint.php(63): Illuminate\Database\Connection->statement('alter table `ne...')
#2 C:\xampp\htdocs\directorio_entrenegocios\vendor\laravel\framework\src\Illuminate\Database\Schema\Builder.php(169): Illuminate\Database\Schema\Blueprint->build(Object(Illuminate\Database\MySqlConnection), Object(Illuminate\Database\Schema\Grammars\MySqlGrammar))
#3 C:\xampp\htdocs\directorio_entrenegocios\vendor\laravel\framework\src\Illuminate\Database\Schema\Builder.php(112): Illuminate\Database\Schema\Builder->build(Object(Illuminate\Database\Schema\Blueprint))
#4 C:\xampp\htdocs\directorio_entrenegocios\vendor\laravel\framework\src\Illuminate\Support\Facades\Facade.php(211): Illuminate\Database\Schema\Builder->create('negocio', Object(Closure))
#5 C:\xampp\htdocs\directorio_entrenegocios\app\database\migrations\2014_08_04_023903_create_negocio_table.php(32): Illuminate\Support\Facades\Facade::__callStatic('create', Array)
#6 C:\xampp\htdocs\directorio_entrenegocios\app\database\migrations\2014_08_04_023903_create_negocio_table.php(32): Illuminate\Support\Facades\Schema::create('negocio', Object(Closure))
#7 C:\xampp\htdocs\directorio_entrenegocios\vendor\laravel\framework\src\Illuminate\Database\Migrations\Migrator.php(133): CreateNegocioTable->up()
#8 C:\xampp\htdocs\directorio_entrenegocios\vendor\laravel\framework\src\Illuminate\Database\Migrations\Migrator.php(109): Illuminate\Database\Migrations\Migrator->runUp('2014_08_04_0239...', 2, false)
#9 C:\xampp\htdocs\directorio_entrenegocios\vendor\laravel\framework\src\Illuminate\Database\Migrations\Migrator.php(80): Illuminate\Database\Migrations\Migrator->runMigrationList(Array, false)
#10 C:\xampp\htdocs\directorio_entrenegocios\vendor\laravel\framework\src\Illuminate\Database\Console\Migrations\MigrateCommand.php(70): Illuminate\Database\Migrations\Migrator->run('C:\\xampp\\htdocs...', false)
#11 C:\xampp\htdocs\directorio_entrenegocios\vendor\laravel\framework\src\Illuminate\Console\Command.php(112): Illuminate\Database\Console\Migrations\MigrateCommand->fire()
#12 C:\xampp\htdocs\directorio_entrenegocios\vendor\symfony\console\Symfony\Component\Console\Command\Command.php(252): Illuminate\Console\Command->execute(Object(Symfony\Component\Console\Input\ArgvInput), Object(Symfony\Component\Console\Output\ConsoleOutput))
#13 C:\xampp\htdocs\directorio_entrenegocios\vendor\laravel\framework\src\Illuminate\Console\Command.php(100): Symfony\Component\Console\Command\Command->run(Object(Symfony\Component\Console\Input\ArgvInput), Object(Symfony\Component\Console\Output\ConsoleOutput))
#14 C:\xampp\htdocs\directorio_entrenegocios\vendor\symfony\console\Symfony\Component\Console\Application.php(887): Illuminate\Console\Command->run(Object(Symfony\Component\Console\Input\ArgvInput), Object(Symfony\Component\Console\Output\ConsoleOutput))
#15 C:\xampp\htdocs\directorio_entrenegocios\vendor\symfony\console\Symfony\Component\Console\Application.php(193): Symfony\Component\Console\Application->doRunCommand(Object(Illuminate\Database\Console\Migrations\MigrateCommand), Object(Symfony\Component\Console\Input\ArgvInput), Object(Symfony\Component\Console\Output\ConsoleOutput))
#16 C:\xampp\htdocs\directorio_entrenegocios\vendor\symfony\console\Symfony\Component\Console\Application.php(124): Symfony\Component\Console\Application->doRun(Object(Symfony\Component\Console\Input\ArgvInput), Object(Symfony\Component\Console\Output\ConsoleOutput))
#17 C:\xampp\htdocs\directorio_entrenegocios\artisan(59): Symfony\Component\Console\Application->run()
#18 {main} [] []
[2014-08-04 02:43:03] production.ERROR: exception 'Illuminate\Database\QueryException' with message 'SQLSTATE[42S01]: Base table or view already exists: 1050 Table 'negocio' already exists (SQL: create table `negocio` (`id` int unsigned not null auto_increment primary key, `nombre_negocio` varchar(255) not null, `slogan_negocio` varchar(255) not null, `descripcion` text not null, `website` varchar(255) not null, `web_fb` varchar(255) not null, `web_tw` varchar(255) not null, `rubro_id` int unsigned not null, `slug` varchar(255) not null, `created_at` timestamp default 0 not null, `updated_at` timestamp default 0 not null) default character set utf8 collate utf8_unicode_ci)' in C:\xampp\htdocs\directorio_entrenegocios\vendor\laravel\framework\src\Illuminate\Database\Connection.php:555
Stack trace:
#0 C:\xampp\htdocs\directorio_entrenegocios\vendor\laravel\framework\src\Illuminate\Database\Connection.php(338): Illuminate\Database\Connection->run('create table `n...', Array, Object(Closure))
#1 C:\xampp\htdocs\directorio_entrenegocios\vendor\laravel\framework\src\Illuminate\Database\Schema\Blueprint.php(63): Illuminate\Database\Connection->statement('create table `n...')
#2 C:\xampp\htdocs\directorio_entrenegocios\vendor\laravel\framework\src\Illuminate\Database\Schema\Builder.php(169): Illuminate\Database\Schema\Blueprint->build(Object(Illuminate\Database\MySqlConnection), Object(Illuminate\Database\Schema\Grammars\MySqlGrammar))
#3 C:\xampp\htdocs\directorio_entrenegocios\vendor\laravel\framework\src\Illuminate\Database\Schema\Builder.php(112): Illuminate\Database\Schema\Builder->build(Object(Illuminate\Database\Schema\Blueprint))
#4 C:\xampp\htdocs\directorio_entrenegocios\vendor\laravel\framework\src\Illuminate\Support\Facades\Facade.php(211): Illuminate\Database\Schema\Builder->create('negocio', Object(Closure))
#5 C:\xampp\htdocs\directorio_entrenegocios\app\database\migrations\2014_08_04_023903_create_negocio_table.php(31): Illuminate\Support\Facades\Facade::__callStatic('create', Array)
#6 C:\xampp\htdocs\directorio_entrenegocios\app\database\migrations\2014_08_04_023903_create_negocio_table.php(31): Illuminate\Support\Facades\Schema::create('negocio', Object(Closure))
#7 C:\xampp\htdocs\directorio_entrenegocios\vendor\laravel\framework\src\Illuminate\Database\Migrations\Migrator.php(133): CreateNegocioTable->up()
#8 C:\xampp\htdocs\directorio_entrenegocios\vendor\laravel\framework\src\Illuminate\Database\Migrations\Migrator.php(109): Illuminate\Database\Migrations\Migrator->runUp('2014_08_04_0239...', 2, false)
#9 C:\xampp\htdocs\directorio_entrenegocios\vendor\laravel\framework\src\Illuminate\Database\Migrations\Migrator.php(80): Illuminate\Database\Migrations\Migrator->runMigrationList(Array, false)
#10 C:\xampp\htdocs\directorio_entrenegocios\vendor\laravel\framework\src\Illuminate\Database\Console\Migrations\MigrateCommand.php(70): Illuminate\Database\Migrations\Migrator->run('C:\\xampp\\htdocs...', false)
#11 C:\xampp\htdocs\directorio_entrenegocios\vendor\laravel\framework\src\Illuminate\Console\Command.php(112): Illuminate\Database\Console\Migrations\MigrateCommand->fire()
#12 C:\xampp\htdocs\directorio_entrenegocios\vendor\symfony\console\Symfony\Component\Console\Command\Command.php(252): Illuminate\Console\Command->execute(Object(Symfony\Component\Console\Input\ArgvInput), Object(Symfony\Component\Console\Output\ConsoleOutput))
#13 C:\xampp\htdocs\directorio_entrenegocios\vendor\laravel\framework\src\Illuminate\Console\Command.php(100): Symfony\Component\Console\Command\Command->run(Object(Symfony\Component\Console\Input\ArgvInput), Object(Symfony\Component\Console\Output\ConsoleOutput))
#14 C:\xampp\htdocs\directorio_entrenegocios\vendor\symfony\console\Symfony\Component\Console\Application.php(887): Illuminate\Console\Command->run(Object(Symfony\Component\Console\Input\ArgvInput), Object(Symfony\Component\Console\Output\ConsoleOutput))
#15 C:\xampp\htdocs\directorio_entrenegocios\vendor\symfony\console\Symfony\Component\Console\Application.php(193): Symfony\Component\Console\Application->doRunCommand(Object(Illuminate\Database\Console\Migrations\MigrateCommand), Object(Symfony\Component\Console\Input\ArgvInput), Object(Symfony\Component\Console\Output\ConsoleOutput))
#16 C:\xampp\htdocs\directorio_entrenegocios\vendor\symfony\console\Symfony\Component\Console\Application.php(124): Symfony\Component\Console\Application->doRun(Object(Symfony\Component\Console\Input\ArgvInput), Object(Symfony\Component\Console\Output\ConsoleOutput))
#17 C:\xampp\htdocs\directorio_entrenegocios\artisan(59): Symfony\Component\Console\Application->run()
#18 {main} [] []
[2014-08-04 02:43:22] production.ERROR: exception 'Illuminate\Database\QueryException' with message 'SQLSTATE[HY000]: General error: 1215 Cannot add foreign key constraint (SQL: alter table `negocio` add constraint negocio_rubro_id_foreign foreign key (`rubro_id`) references `rubros` (`id`) on delete cascade)' in C:\xampp\htdocs\directorio_entrenegocios\vendor\laravel\framework\src\Illuminate\Database\Connection.php:555
Stack trace:
#0 C:\xampp\htdocs\directorio_entrenegocios\vendor\laravel\framework\src\Illuminate\Database\Connection.php(338): Illuminate\Database\Connection->run('alter table `ne...', Array, Object(Closure))
#1 C:\xampp\htdocs\directorio_entrenegocios\vendor\laravel\framework\src\Illuminate\Database\Schema\Blueprint.php(63): Illuminate\Database\Connection->statement('alter table `ne...')
#2 C:\xampp\htdocs\directorio_entrenegocios\vendor\laravel\framework\src\Illuminate\Database\Schema\Builder.php(169): Illuminate\Database\Schema\Blueprint->build(Object(Illuminate\Database\MySqlConnection), Object(Illuminate\Database\Schema\Grammars\MySqlGrammar))
#3 C:\xampp\htdocs\directorio_entrenegocios\vendor\laravel\framework\src\Illuminate\Database\Schema\Builder.php(112): Illuminate\Database\Schema\Builder->build(Object(Illuminate\Database\Schema\Blueprint))
#4 C:\xampp\htdocs\directorio_entrenegocios\vendor\laravel\framework\src\Illuminate\Support\Facades\Facade.php(211): Illuminate\Database\Schema\Builder->create('negocio', Object(Closure))
#5 C:\xampp\htdocs\directorio_entrenegocios\app\database\migrations\2014_08_04_023903_create_negocio_table.php(31): Illuminate\Support\Facades\Facade::__callStatic('create', Array)
#6 C:\xampp\htdocs\directorio_entrenegocios\app\database\migrations\2014_08_04_023903_create_negocio_table.php(31): Illuminate\Support\Facades\Schema::create('negocio', Object(Closure))
#7 C:\xampp\htdocs\directorio_entrenegocios\vendor\laravel\framework\src\Illuminate\Database\Migrations\Migrator.php(133): CreateNegocioTable->up()
#8 C:\xampp\htdocs\directorio_entrenegocios\vendor\laravel\framework\src\Illuminate\Database\Migrations\Migrator.php(109): Illuminate\Database\Migrations\Migrator->runUp('2014_08_04_0239...', 2, false)
#9 C:\xampp\htdocs\directorio_entrenegocios\vendor\laravel\framework\src\Illuminate\Database\Migrations\Migrator.php(80): Illuminate\Database\Migrations\Migrator->runMigrationList(Array, false)
#10 C:\xampp\htdocs\directorio_entrenegocios\vendor\laravel\framework\src\Illuminate\Database\Console\Migrations\MigrateCommand.php(70): Illuminate\Database\Migrations\Migrator->run('C:\\xampp\\htdocs...', false)
#11 C:\xampp\htdocs\directorio_entrenegocios\vendor\laravel\framework\src\Illuminate\Console\Command.php(112): Illuminate\Database\Console\Migrations\MigrateCommand->fire()
#12 C:\xampp\htdocs\directorio_entrenegocios\vendor\symfony\console\Symfony\Component\Console\Command\Command.php(252): Illuminate\Console\Command->execute(Object(Symfony\Component\Console\Input\ArgvInput), Object(Symfony\Component\Console\Output\ConsoleOutput))
#13 C:\xampp\htdocs\directorio_entrenegocios\vendor\laravel\framework\src\Illuminate\Console\Command.php(100): Symfony\Component\Console\Command\Command->run(Object(Symfony\Component\Console\Input\ArgvInput), Object(Symfony\Component\Console\Output\ConsoleOutput))
#14 C:\xampp\htdocs\directorio_entrenegocios\vendor\symfony\console\Symfony\Component\Console\Application.php(887): Illuminate\Console\Command->run(Object(Symfony\Component\Console\Input\ArgvInput), Object(Symfony\Component\Console\Output\ConsoleOutput))
#15 C:\xampp\htdocs\directorio_entrenegocios\vendor\symfony\console\Symfony\Component\Console\Application.php(193): Symfony\Component\Console\Application->doRunCommand(Object(Illuminate\Database\Console\Migrations\MigrateCommand), Object(Symfony\Component\Console\Input\ArgvInput), Object(Symfony\Component\Console\Output\ConsoleOutput))
#16 C:\xampp\htdocs\directorio_entrenegocios\vendor\symfony\console\Symfony\Component\Console\Application.php(124): Symfony\Component\Console\Application->doRun(Object(Symfony\Component\Console\Input\ArgvInput), Object(Symfony\Component\Console\Output\ConsoleOutput))
#17 C:\xampp\htdocs\directorio_entrenegocios\artisan(59): Symfony\Component\Console\Application->run()
#18 {main} [] []
[2014-08-04 03:57:00] production.ERROR: exception 'Illuminate\Database\QueryException' with message 'SQLSTATE[42S02]: Base table or view not found: 1146 Table 'directorio_entrenegocios.negocios' doesn't exist (SQL: insert into `negocios` (`id`, `nombre_negocio`, `slogan_negocio`, `descripcion`, `website`, `web_fb`, `web_tw`, `rubro_id`, `slug`, `updated_at`, `created_at`) values (1, Koss-Hartmann, LLC, Aut quidem quas fugiat rerum. Dolorem impedit quia occaecati tempora delectus necessitatibus velit. Dolores veniam molestiae reiciendis sint ad architecto. Numquam quis velit quod ab quis., http://www.streich.com/, http://ricewill.com/, http://wisozklittel.com/, 3, koss-hartmann, 2014-08-04 03:57:00, 2014-08-04 03:57:00))' in C:\xampp\htdocs\directorio_entrenegocios\vendor\laravel\framework\src\Illuminate\Database\Connection.php:555
Stack trace:
#0 C:\xampp\htdocs\directorio_entrenegocios\vendor\laravel\framework\src\Illuminate\Database\Connection.php(338): Illuminate\Database\Connection->run('insert into `ne...', Array, Object(Closure))
#1 C:\xampp\htdocs\directorio_entrenegocios\vendor\laravel\framework\src\Illuminate\Database\Connection.php(295): Illuminate\Database\Connection->statement('insert into `ne...', Array)
#2 C:\xampp\htdocs\directorio_entrenegocios\vendor\laravel\framework\src\Illuminate\Database\Query\Processors\Processor.php(30): Illuminate\Database\Connection->insert('insert into `ne...', Array)
#3 C:\xampp\htdocs\directorio_entrenegocios\vendor\laravel\framework\src\Illuminate\Database\Query\Builder.php(1856): Illuminate\Database\Query\Processors\Processor->processInsertGetId(Object(Illuminate\Database\Query\Builder), 'insert into `ne...', Array, 'id')
#4 [internal function]: Illuminate\Database\Query\Builder->insertGetId(Array, 'id')
#5 C:\xampp\htdocs\directorio_entrenegocios\vendor\laravel\framework\src\Illuminate\Database\Eloquent\Builder.php(913): call_user_func_array(Array, Array)
#6 C:\xampp\htdocs\directorio_entrenegocios\vendor\laravel\framework\src\Illuminate\Database\Eloquent\Model.php(1517): Illuminate\Database\Eloquent\Builder->__call('insertGetId', Array)
#7 C:\xampp\htdocs\directorio_entrenegocios\vendor\laravel\framework\src\Illuminate\Database\Eloquent\Model.php(1517): Illuminate\Database\Eloquent\Builder->insertGetId(Array, 'id')
#8 C:\xampp\htdocs\directorio_entrenegocios\vendor\laravel\framework\src\Illuminate\Database\Eloquent\Model.php(1487): Illuminate\Database\Eloquent\Model->insertAndSetId(Object(Illuminate\Database\Eloquent\Builder), Array)
#9 C:\xampp\htdocs\directorio_entrenegocios\vendor\laravel\framework\src\Illuminate\Database\Eloquent\Model.php(1395): Illuminate\Database\Eloquent\Model->performInsert(Object(Illuminate\Database\Eloquent\Builder))
#10 C:\xampp\htdocs\directorio_entrenegocios\vendor\laravel\framework\src\Illuminate\Database\Eloquent\Model.php(526): Illuminate\Database\Eloquent\Model->save()
#11 C:\xampp\htdocs\directorio_entrenegocios\app\database\seeds\NegocioTableSeeder.php(28): Illuminate\Database\Eloquent\Model::create(Array)
#12 C:\xampp\htdocs\directorio_entrenegocios\vendor\laravel\framework\src\Illuminate\Database\Seeder.php(37): NegocioTableSeeder->run()
#13 C:\xampp\htdocs\directorio_entrenegocios\app\database\seeds\DatabaseSeeder.php(15): Illuminate\Database\Seeder->call('NegocioTableSee...')
#14 C:\xampp\htdocs\directorio_entrenegocios\vendor\laravel\framework\src\Illuminate\Database\Console\SeedCommand.php(57): DatabaseSeeder->run()
#15 C:\xampp\htdocs\directorio_entrenegocios\vendor\laravel\framework\src\Illuminate\Console\Command.php(112): Illuminate\Database\Console\SeedCommand->fire()
#16 C:\xampp\htdocs\directorio_entrenegocios\vendor\symfony\console\Symfony\Component\Console\Command\Command.php(252): Illuminate\Console\Command->execute(Object(Symfony\Component\Console\Input\ArrayInput), Object(Symfony\Component\Console\Output\ConsoleOutput))
#17 C:\xampp\htdocs\directorio_entrenegocios\vendor\laravel\framework\src\Illuminate\Console\Command.php(100): Symfony\Component\Console\Command\Command->run(Object(Symfony\Component\Console\Input\ArrayInput), Object(Symfony\Component\Console\Output\ConsoleOutput))
#18 C:\xampp\htdocs\directorio_entrenegocios\vendor\laravel\framework\src\Illuminate\Console\Command.php(128): Illuminate\Console\Command->run(Object(Symfony\Component\Console\Input\ArrayInput), Object(Symfony\Component\Console\Output\ConsoleOutput))
#19 C:\xampp\htdocs\directorio_entrenegocios\vendor\laravel\framework\src\Illuminate\Database\Console\Migrations\RefreshCommand.php(75): Illuminate\Console\Command->call('db:seed', Array)
#20 C:\xampp\htdocs\directorio_entrenegocios\vendor\laravel\framework\src\Illuminate\Database\Console\Migrations\RefreshCommand.php(51): Illuminate\Database\Console\Migrations\RefreshCommand->runSeeder(NULL)
#21 C:\xampp\htdocs\directorio_entrenegocios\vendor\laravel\framework\src\Illuminate\Console\Command.php(112): Illuminate\Database\Console\Migrations\RefreshCommand->fire()
#22 C:\xampp\htdocs\directorio_entrenegocios\vendor\symfony\console\Symfony\Component\Console\Command\Command.php(252): Illuminate\Console\Command->execute(Object(Symfony\Component\Console\Input\ArgvInput), Object(Symfony\Component\Console\Output\ConsoleOutput))
#23 C:\xampp\htdocs\directorio_entrenegocios\vendor\laravel\framework\src\Illuminate\Console\Command.php(100): Symfony\Component\Console\Command\Command->run(Object(Symfony\Component\Console\Input\ArgvInput), Object(Symfony\Component\Console\Output\ConsoleOutput))
#24 C:\xampp\htdocs\directorio_entrenegocios\vendor\symfony\console\Symfony\Component\Console\Application.php(887): Illuminate\Console\Command->run(Object(Symfony\Component\Console\Input\ArgvInput), Object(Symfony\Component\Console\Output\ConsoleOutput))
#25 C:\xampp\htdocs\directorio_entrenegocios\vendor\symfony\console\Symfony\Component\Console\Application.php(193): Symfony\Component\Console\Application->doRunCommand(Object(Illuminate\Database\Console\Migrations\RefreshCommand), Object(Symfony\Component\Console\Input\ArgvInput), Object(Symfony\Component\Console\Output\ConsoleOutput))
#26 C:\xampp\htdocs\directorio_entrenegocios\vendor\symfony\console\Symfony\Component\Console\Application.php(124): Symfony\Component\Console\Application->doRun(Object(Symfony\Component\Console\Input\ArgvInput), Object(Symfony\Component\Console\Output\ConsoleOutput))
#27 C:\xampp\htdocs\directorio_entrenegocios\artisan(59): Symfony\Component\Console\Application->run()
#28 {main} [] []
[2014-08-04 03:59:04] production.ERROR: exception 'Illuminate\Database\QueryException' with message 'SQLSTATE[42S02]: Base table or view not found: 1146 Table 'directorio_entrenegocios.negocios' doesn't exist (SQL: insert into `negocios` (`id`, `nombre_negocio`, `slogan_negocio`, `descripcion`, `website`, `web_fb`, `web_tw`, `rubro_id`, `slug`, `updated_at`, `created_at`) values (1, Cronin-Orn, Ltd, Nemo odio est tempore voluptatem in numquam et facilis. Reiciendis delectus tenetur et et debitis qui. Quia quasi et perspiciatis repellendus qui sunt sed. Excepturi quisquam accusamus quo expedita., http://www.lynchstamm.org/, http://bayerjenkins.biz/, http://denesik.com/, 3, cronin-orn, 2014-08-04 03:59:04, 2014-08-04 03:59:04))' in C:\xampp\htdocs\directorio_entrenegocios\vendor\laravel\framework\src\Illuminate\Database\Connection.php:555
Stack trace:
#0 C:\xampp\htdocs\directorio_entrenegocios\vendor\laravel\framework\src\Illuminate\Database\Connection.php(338): Illuminate\Database\Connection->run('insert into `ne...', Array, Object(Closure))
#1 C:\xampp\htdocs\directorio_entrenegocios\vendor\laravel\framework\src\Illuminate\Database\Connection.php(295): Illuminate\Database\Connection->statement('insert into `ne...', Array)
#2 C:\xampp\htdocs\directorio_entrenegocios\vendor\laravel\framework\src\Illuminate\Database\Query\Processors\Processor.php(30): Illuminate\Database\Connection->insert('insert into `ne...', Array)
#3 C:\xampp\htdocs\directorio_entrenegocios\vendor\laravel\framework\src\Illuminate\Database\Query\Builder.php(1856): Illuminate\Database\Query\Processors\Processor->processInsertGetId(Object(Illuminate\Database\Query\Builder), 'insert into `ne...', Array, 'id')
#4 [internal function]: Illuminate\Database\Query\Builder->insertGetId(Array, 'id')
#5 C:\xampp\htdocs\directorio_entrenegocios\vendor\laravel\framework\src\Illuminate\Database\Eloquent\Builder.php(913): call_user_func_array(Array, Array)
#6 C:\xampp\htdocs\directorio_entrenegocios\vendor\laravel\framework\src\Illuminate\Database\Eloquent\Model.php(1517): Illuminate\Database\Eloquent\Builder->__call('insertGetId', Array)
#7 C:\xampp\htdocs\directorio_entrenegocios\vendor\laravel\framework\src\Illuminate\Database\Eloquent\Model.php(1517): Illuminate\Database\Eloquent\Builder->insertGetId(Array, 'id')
#8 C:\xampp\htdocs\directorio_entrenegocios\vendor\laravel\framework\src\Illuminate\Database\Eloquent\Model.php(1487): Illuminate\Database\Eloquent\Model->insertAndSetId(Object(Illuminate\Database\Eloquent\Builder), Array)
#9 C:\xampp\htdocs\directorio_entrenegocios\vendor\laravel\framework\src\Illuminate\Database\Eloquent\Model.php(1395): Illuminate\Database\Eloquent\Model->performInsert(Object(Illuminate\Database\Eloquent\Builder))
#10 C:\xampp\htdocs\directorio_entrenegocios\vendor\laravel\framework\src\Illuminate\Database\Eloquent\Model.php(526): Illuminate\Database\Eloquent\Model->save()
#11 C:\xampp\htdocs\directorio_entrenegocios\app\database\seeds\NegocioTableSeeder.php(28): Illuminate\Database\Eloquent\Model::create(Array)
#12 C:\xampp\htdocs\directorio_entrenegocios\vendor\laravel\framework\src\Illuminate\Database\Seeder.php(37): NegocioTableSeeder->run()
#13 C:\xampp\htdocs\directorio_entrenegocios\app\database\seeds\DatabaseSeeder.php(15): Illuminate\Database\Seeder->call('NegocioTableSee...')
#14 C:\xampp\htdocs\directorio_entrenegocios\vendor\laravel\framework\src\Illuminate\Database\Console\SeedCommand.php(57): DatabaseSeeder->run()
#15 C:\xampp\htdocs\directorio_entrenegocios\vendor\laravel\framework\src\Illuminate\Console\Command.php(112): Illuminate\Database\Console\SeedCommand->fire()
#16 C:\xampp\htdocs\directorio_entrenegocios\vendor\symfony\console\Symfony\Component\Console\Command\Command.php(252): Illuminate\Console\Command->execute(Object(Symfony\Component\Console\Input\ArrayInput), Object(Symfony\Component\Console\Output\ConsoleOutput))
#17 C:\xampp\htdocs\directorio_entrenegocios\vendor\laravel\framework\src\Illuminate\Console\Command.php(100): Symfony\Component\Console\Command\Command->run(Object(Symfony\Component\Console\Input\ArrayInput), Object(Symfony\Component\Console\Output\ConsoleOutput))
#18 C:\xampp\htdocs\directorio_entrenegocios\vendor\laravel\framework\src\Illuminate\Console\Command.php(128): Illuminate\Console\Command->run(Object(Symfony\Component\Console\Input\ArrayInput), Object(Symfony\Component\Console\Output\ConsoleOutput))
#19 C:\xampp\htdocs\directorio_entrenegocios\vendor\laravel\framework\src\Illuminate\Database\Console\Migrations\RefreshCommand.php(75): Illuminate\Console\Command->call('db:seed', Array)
#20 C:\xampp\htdocs\directorio_entrenegocios\vendor\laravel\framework\src\Illuminate\Database\Console\Migrations\RefreshCommand.php(51): Illuminate\Database\Console\Migrations\RefreshCommand->runSeeder(NULL)
#21 C:\xampp\htdocs\directorio_entrenegocios\vendor\laravel\framework\src\Illuminate\Console\Command.php(112): Illuminate\Database\Console\Migrations\RefreshCommand->fire()
#22 C:\xampp\htdocs\directorio_entrenegocios\vendor\symfony\console\Symfony\Component\Console\Command\Command.php(252): Illuminate\Console\Command->execute(Object(Symfony\Component\Console\Input\ArgvInput), Object(Symfony\Component\Console\Output\ConsoleOutput))
#23 C:\xampp\htdocs\directorio_entrenegocios\vendor\laravel\framework\src\Illuminate\Console\Command.php(100): Symfony\Component\Console\Command\Command->run(Object(Symfony\Component\Console\Input\ArgvInput), Object(Symfony\Component\Console\Output\ConsoleOutput))
#24 C:\xampp\htdocs\directorio_entrenegocios\vendor\symfony\console\Symfony\Component\Console\Application.php(887): Illuminate\Console\Command->run(Object(Symfony\Component\Console\Input\ArgvInput), Object(Symfony\Component\Console\Output\ConsoleOutput))
#25 C:\xampp\htdocs\directorio_entrenegocios\vendor\symfony\console\Symfony\Component\Console\Application.php(193): Symfony\Component\Console\Application->doRunCommand(Object(Illuminate\Database\Console\Migrations\RefreshCommand), Object(Symfony\Component\Console\Input\ArgvInput), Object(Symfony\Component\Console\Output\ConsoleOutput))
#26 C:\xampp\htdocs\directorio_entrenegocios\vendor\symfony\console\Symfony\Component\Console\Application.php(124): Symfony\Component\Console\Application->doRun(Object(Symfony\Component\Console\Input\ArgvInput), Object(Symfony\Component\Console\Output\ConsoleOutput))
#27 C:\xampp\htdocs\directorio_entrenegocios\artisan(59): Symfony\Component\Console\Application->run()
#28 {main} [] []
